### ISSUE TITLE
ASSERT callstack.c:910: fp != NULL (internal callstack-finding error)

### ISSUE THREAD

**Issue by derekbruening** [DynamoRIO/drmemory#1154]
_From [bruen...@google.com](https://code.google.com/u/109494838902877177630/) on February 24, 2013 13:28:39_

I hit this running call and app_suite_tests NtUserTests on win8

0:001> dt mc
Local var @ 0x1b07dcd0 Type _dr_mcontext_t*
0x1b07ed64 
   +0x010 xbp              : 0x1ac51b91
   +0x010 ebp              : 0x1ac51b91
   +0x014 xsp              : 0
   +0x014 esp              : 0

xsp is zero!

stored app context:
0:001> dt -b dcontext_t poi(fs:ef0)
   +0x000 upcontext        : 
      +0x000 separate_upcontext : 0x0493f4f8 
      +0x000 upcontext        : 
         +0x000 mcontext         : 
            +0x008 xbp              : 0x493f420
            +0x008 ebp              : 0x493f420
            +0x00c xsp              : 0
            +0x00c esp              : 0
   +0x164 dstack           : 0x1b07f000  ""

0:001> !teb
TEB at 7f669000
    ExceptionList:        0493f478
    StackBase:            0493e000
    StackLimit:           00001e00

it's during the MsgBox test:
[  FAILED  ] NtUserTests.Msgbox (21271 ms)

with -thread_logs we have for the msgbox thread:
in event_basic_block(tag=0x7636c861)
in event_basic_block(tag=0x7636c866)
in event_basic_block(tag=0x7636c2f2)
in event_basic_block(tag=0x7636c27f)
stack swap 0x0490f7c4 => 0x00000000
ERROR: 0x770a2848 popping unaddressable memory: possible Dr. Memory bug
replacing shadow special 0x20f30200 block for write @0x00000000 0
ERROR: 0x770a2848 popping unaddressable memory: possible Dr. Memory bug
ERROR: 0x770a2848 popping unaddressable memory: possible Dr. Memory bug
ERROR: 0x770a2848 popping unaddressable memory: possible Dr. Memory bug
ASSERT FAILURE (thread 2280): C:\derek\drmemory\git\src\common\callstack.c:910: fp != NULL (internal callstack-finding error)

it works natively.  -no_zero_retaddr doesn't change anything.

hmm I disabled Msgbox and I hit it again in
[ RUN      ] IPHlpApiTests.GetAdaptersInfo

seems to also create a thread

in event_basic_block(tag=0x7636c2f2)
in event_basic_block(tag=0x7636c27f)
stack swap 0x0413fa84 => 0x00000000
ERROR: 0x770a2848 popping unaddressable memory: possible Dr. Memory bug
replacing shadow special 0x17c10200 block for write @0x00000000 0
ERROR: 0x770a2848 popping unaddressable memory: possible Dr. Memory bug
ERROR: 0x770a2848 popping unaddressable memory: possible Dr. Memory bug
ERROR: 0x770a2848 popping unaddressable memory: possible Dr. Memory bug
ASSERT FAILURE (thread 1712): C:\derek\drmemory\git\src\common\callstack.c:910: fp != NULL (internal callstack-finding error)

looks like on win8 ntdll!LdrxCallInitRoutine hardcode-restores esp after
calling the entry routine and we must be clobbering esi:

0:001> Uf ntdll!LdrxCallInitRoutine
ntdll!LdrxCallInitRoutine:
770a2830 55               push    ebp
770a2831 8bec             mov     ebp,esp
770a2833 56               push    esi
770a2834 57               push    edi
770a2835 53               push    ebx
770a2836 8bf4             mov     esi,esp
770a2838 33c0             xor     eax,eax
770a283a ff7514           push    dword ptr [ebp+0x14]
770a283d ff7510           push    dword ptr [ebp+0x10]
770a2840 ff750c           push    dword ptr [ebp+0xc]
770a2843 ff5508           call    dword ptr [ebp+0x8]
770a2846 8be6             mov     esp,esi
770a2848 5b               pop     ebx
770a2849 5f               pop     edi
770a284a 5e               pop     esi
770a284b 5d               pop     ebp
770a284c c21000           ret     0x10

esi is clobbered here:
msvcrt!CaptureStartInfoValues+0x14e:
7636c2c4 e821040000       call    msvcrt!_calloc_crt (7636c6ea)
7636c2c9 8bf0             mov     esi,eax

new basic block @0x7636c265 == msvcrt.dll!_CRTDLL_INIT+0x0
new basic block @0x7636c274 == msvcrt.dll!_CRTDLL_INIT+0xf
new basic block @0x7636c288 == msvcrt.dll!CaptureStartInfoValues+0xffffb4f5
new basic block @0x7636c297 == msvcrt.dll!CaptureStartInfoValues+0xffffb504
new basic block @0x7636c29f == msvcrt.dll!CaptureStartInfoValues+0xffffb50c
new basic block @0x7636c2a8 == msvcrt.dll!CaptureStartInfoValues+0xffffb515
new basic block @0x7636c92d == msvcrt.dll!__init_dummy+0x0
new basic block @0x7636c2ad == msvcrt.dll!CaptureStartInfoValues+0xffffb51a
new basic block @0x7683ecf0 == KERNELBASE.dll!FlsGetValue+0x2f8b
new basic block @0x7683ecfa == KERNELBASE.dll!FlsGetValue+0x2f95
new basic block @0x7683bd97 == KERNELBASE.dll!FlsGetValue+0x32
new basic block @0x7636c2b9 == msvcrt.dll!CaptureStartInfoValues+0xffffb526
new basic block @0x7636c2bd == msvcrt.dll!CaptureStartInfoValues+0xffffb52a
new basic block @0x7636c6ea == msvcrt.dll!_calloc_crt+0x0
new basic block @0x7636c5aa == msvcrt.dll!_calloc_impl+0x0
new basic block @0x76369a6c == msvcrt.dll!_SEH_prolog4+0x0
new basic block @0x7636c5b6 == msvcrt.dll!_calloc_impl+0xc
 ...
new basic block @0x7636c62c == msvcrt.dll!_calloc_impl+0x82
new basic block @0x76369ab1 == msvcrt.dll!_SEH_epilog4+0x0
new basic block @0x7636c633 == msvcrt.dll!_calloc_impl+0x89
new basic block @0x7636c700 == msvcrt.dll!_calloc_crt+0x16
new basic block @0x7636c70d == msvcrt.dll!_calloc_crt+0x23
new basic block @0x7636c2c9 == msvcrt.dll!CaptureStartInfoValues+0xffffb536
new basic block @0x7636c2d5 == msvcrt.dll!CaptureStartInfoValues+0xffffb542
new basic block @0x7683ed01 == KERNELBASE.dll!FlsSetValue+0x295f
new basic block @0x770a2ee4 == ntdll.dll!RtlProcessFlsData+0x0
 ...
new basic block @0x770a2f6c == ntdll.dll!RtlProcessFlsData+0x88
new basic block @0x7683ed09 == KERNELBASE.dll!FlsSetValue+0x2967
new basic block @0x7636c2e2 == msvcrt.dll!CaptureStartInfoValues+0xffffb54f
new basic block @0x7636c2ea == msvcrt.dll!CaptureStartInfoValues+0xffffb557
new basic block @0x7636c7c4 == msvcrt.dll!_initptd+0x0
  ...
new basic block @0x7636c866 == msvcrt.dll!_initptd+0xa2
new basic block @0x7636c2f2 == msvcrt.dll!CaptureStartInfoValues+0xffffb55f
new basic block @0x7636c27f == msvcrt.dll!_CRTDLL_INIT+0x1a

0:002> U 0x7636c2ad L20
msvcrt!CaptureStartInfoValues+0x137:
7636c2ad ff3510424076     push    dword ptr [msvcrt!__flsindex (76404210)]
7636c2b3 ff157ca04076    call dword ptr [msvcrt!_imp__FlsGetValue (7640a07c)]
7636c2b9 85c0             test    eax,eax
7636c2bb 7537             jnz  msvcrt!CaptureStartInfoValues+0x194 (7636c2f4)
7636c2bd 6814020000       push    0x214
7636c2c2 6a01             push    0x1
7636c2c4 e821040000       call    msvcrt!_calloc_crt (7636c6ea)
7636c2c9 8bf0             mov     esi,eax  <== esi slot (esp+8) already 0
7636c2cb 59               pop     ecx
7636c2cc 59               pop     ecx
7636c2cd 85f6             test    esi,esi
7636c2cf 0f8438a00000     je    msvcrt!CaptureStartInfoValues+0x89 (7637630d)
7636c2d5 56               push    esi
7636c2d6 ff3510424076     push    dword ptr [msvcrt!__flsindex (76404210)]
7636c2dc ff1574a04076    call dword ptr [msvcrt!_imp__FlsSetValue (7640a074)]
7636c2e2 85c0             test    eax,eax
7636c2e4 0f8453eb0300     je   msvcrt!CaptureStartInfoValues+0x17b (763aae3d)
7636c2ea 6a00             push    0x0
7636c2ec 56               push    esi
7636c2ed e8d2040000       call    msvcrt!_initptd (7636c7c4)
7636c2f2 59               pop     ecx
7636c2f3 59               pop     ecx
7636c2f4 33c0             xor     eax,eax
7636c2f6 40               inc     eax
7636c2f7 5e               pop     esi  <== should be restored here: but this writes 0!
7636c2f8 5d               pop     ebp
7636c2f9 c20400           ret     0x4

0:001> dds 44af8a8
044af8a8  044af8c8
044af8ac  770a2846 ntdll!LdrxCallInitRoutine+0x16
044af8b0  76360000 msvcrt!__xc_a <PERF> (msvcrt+0x0)
044af8b4  00000002 == DLL_THREAD_ATTACH ?!
044af8b8  00000000
044af8bc  01786d50

where does it save esi?
msvcrt!_CRTDLL_INIT:
7636c265 8bff             mov     edi,edi
7636c267 55               push    ebp
7636c268 8bec             mov     ebp,esp
7636c26a 837d0c01         cmp     dword ptr [ebp+0xc],0x1
7636c26e 0f84cf4a0000     je      msvcrt!_CRTDLL_INIT+0xb (76370d43)
7636c274 ff7510           push    dword ptr [ebp+0x10]
7636c277 8b450c           mov     eax,[ebp+0xc]
7636c27a e809000000       call  msvcrt!CaptureStartInfoValues+0x75 (7636c288)
7636c27f 5d               pop     ebp
7636c280 c20c00           ret     0xc

0:001> U 7636c288
msvcrt!CaptureStartInfoValues+0x75:
7636c288 8bff             mov     edi,edi
7636c28a 55               push    ebp
7636c28b 8bec             mov     ebp,esp
7636c28d 56               push    esi
7636c28e 83f801           cmp     eax,0x1
7636c291 0f849e3e0000     je    msvcrt!CaptureStartInfoValues+0x80 (76370135)
7636c297 85c0             test    eax,eax

at 0x7636c297 it had just pushed esi:
0:001> dds 0x3e9f718
03e9f718  03e9f73c
0:001> ba w4 03e9f718  
0:001> g
Breakpoint 0 hit
eax=03e9f718 ebx=01296d50 ecx=00000000 edx=183fed24 esi=03e9f73c edi=03e9f800
eip=02b700e3 esp=183feaf0 ebp=183feb00 iopl=0         nv up ei pl zr na po nc
cs=0023  ss=002b  ds=002b  es=002b  fs=0053  gs=002b             efl=00000246
drmemorylib!drw...

_Original issue: http://code.google.com/p/drmemory/issues/detail?id=1154_
