### ISSUE TITLE
uninit in pdh!BuildNameTable with -replace_malloc on sample pdh app

### ISSUE THREAD

**Issue by derekbruening** [DynamoRIO/drmemory#1301]
_From [bruen...@google.com](https://code.google.com/u/109494838902877177630/) on August 01, 2013 13:31:21_

Running the sample from issue #1300 (from http://msdn.microsoft.com/en-us/library/windows/desktop/aa373228(v=vs.85).aspx) ,
after suppressing issue #1300, still has several uninits all in BuildNameTable.
They are only there with -replace_malloc so this seems like a DrMem bug.

~~Dr.M~~ Error `#1`: UNINITIALIZED READ: reading 0x01a549c4-0x01a549c6 2 byte(s)
~~Dr.M~~ # 0 pdh.dll!BuildNameTable
~~Dr.M~~ # 1 pdh.dll!ConnectMachine
~~Dr.M~~ # 2 pdh.dll!GetMachine
~~Dr.M~~ # 3 pdh.dll!InitCounter
~~Dr.M~~ # 4 pdh.dll!PdhiAddCounter
~~Dr.M~~ # 5 pdh.dll!PdhAddCounterW
~~Dr.M~~ # 6 wmain                        [d:\derek\dr\test\pdh.cpp:46]
~~Dr.M~~ Note: @0:00:03.261 in thread 10356
~~Dr.M~~ Note: instruction: data16 cmp    (&#37;esi) &#37;bx

0:000> U 707e8ac6
pdh_707e0000!BuildNameTable+0x6ae:
707e8ac6 56              push    esi
707e8ac7 ffd7            call    edi
707e8ac9 8d744602        lea     esi,[esi+eax*2+2]
707e8acd 66391e          cmp     word ptr [esi],bx

0:000> du esi
0070a854  "1847"
0:000> dc esi
0070a854  00380031 00370034 00320000 00530000  1.8.4.7...2...S.
0070a864  00730079 00650074 0000006d 00000034  y.s.t.e.m...4...
0070a874  0065004d 006f006d 00790072 00360000  M.e.m.o.r.y...6.
0070a884  00250000 00500020 006f0072 00650063  ..&#37;. .P.r.o.c.e.
0070a894  00730073 0072006f 00540020 006d0069  s.s.o.r. .T.i.m.
0070a8a4  00000065 00300031 00460000 006c0069  e...1.0...F.i.l.
0:000> p
eax=00000004 ebx=00000000 ecx=750bafa8 edx=0070a856 esi=0070a854 edi=76911700
eip=707e8ac9 esp=0028f628 ebp=0028f6bc iopl=0         nv up ei pl nz na po nc
cs=0023  ss=002b  ds=002b  es=002b  fs=0053  gs=002b             efl=00000202
pdh_707e0000!BuildNameTable+0x6b1:
707e8ac9 8d744602        lea     esi,[esi+eax*2+2]

so it's reading beyond the terminating null

memory comes from PdhiHeapAlloc
which always passes HEAP_ZERO_MEMORY to HeapAlloc

&#37; grep -E -2 '0x02a00020-0x02afce80|^Error `#1`' `ls -1td logs/D*|head -1`/g*
adding heap region 0x02a00000-0x02afd000 chunk
        replace_alloc_common arena=0x010e0000 flags=0x806 request=1035872, alloc=1036224 => 0x02a00020
set range 0x02a00020-0x02afce80 => 0x0
large malloc add 0x02a00020-0x02afce80
set range 0x0032f8b0-0x0032f8b4 => 0x1
in event_basic_block(tag=0x707e89c9)
--
in event_basic_block(tag=0x707e8ac9)

Error `#1`: UNINITIALIZED READ: reading 0x02a349c4-0x02a349c6 2 byte(s)
#0 pdh.dll!BuildNameTable (0x707e8acd <pdh.dll+0x8acd>) modid:3
#1 pdh.dll!ConnectMachine (0x707ea7cf <pdh.dll+0xa7cf>) modid:3
--
set range 0x0032f9d0-0x0032f9d4 => 0x0
replace_RtlFreeHeap heap=0x00440000 flags=0x0 ptr=0x02a00020
set range 0x02a00020-0x02afce80 => 0x1
large malloc remove 0x02a00020
        large alloc 1035872 freed => munmap @0x02a00000

hmm.

-no_replace_malloc => no uninits reported!

0:000> dyb @@(((char *)umbra_map->shadow_table[0x019e])) + (0x019e49c4/4)) L8
          76543210 76543210 76543210 76543210
          -------- -------- -------- --------
2219f0a1  01010101 01010101 01010101 01010101  55 55 55 55
2219f0a5  01010101 01010101 01010101 01010101  55 55 55 55
0:000> ba w1 2219f0a1  
it's zeroed on alloc:
2219f0a1  00000000 01010101 01010101 01010101  00 55 55 55
and then:
2219f0a1  00000011 00000000 00000000 00000000  03 00 00 00

0:000> kn
 # ChildEBP RetAddr  
WARNING: Frame IP not in any known module. Following frames may be wrong.
00 0037f268 7660099b 0x20cc5d73
01 0037f370 76600541 ADVAPI32!PerfGetNames+0x5a7
02 0037f768 76939242 ADVAPI32!PerfRegQueryValue+0x76b
03 0037f85c 76911fdc kernel32!AddSIDToBoundaryDescriptor+0xcf
04 0037f8c8 707e8a4f kernel32!RegQueryValueExW+0xae
05 0037f97c 707ea7cf pdh_707e0000!PdhGetCounterInfoA+0x3a9e

20cc5d1e 8a1c0a           mov     bl,[edx+ecx]
20cc5d21 64891dc40e0000   mov     fs:[00000ec4],ebx
20cc5d28 64890dd00e0000   mov     fs:[00000ed0],ecx
20cc5d2f 8d19             lea     ebx,[ecx]
20cc5d31 0fb7cb           movzx   ecx,bx
20cc5d34 8bc3             mov     eax,ebx
20cc5d36 c1e810           shr     eax,0x10
20cc5d39 c1eb02           shr     ebx,0x2
20cc5d3c 031c857820d273 add ebx,[drmemorylib!static_shadow_table (73d22078)+eax*4]
20cc5d43 88cc             mov     ah,cl
20cc5d45 2500030000       and     eax,0x300
20cc5d4a 0fb60b           movzx   ecx,byte ptr [ebx]
20cc5d4d 80bc01b877af7301 cmp     byte ptr [ecx+eax+0x73af77b8],0x1
20cc5d55 0f8527000000     jne     20cc5d82
20cc5d5b 64a0db0e0000     mov     al,fs:[00000edb]
20cc5d61 8acc             mov     cl,ah
20cc5d63 c0e101           shl     cl,0x1
20cc5d66 8ae0             mov     ah,al
20cc5d68 80e403           and     ah,0x3
20cc5d6b d2e4             shl     ah,cl
20cc5d6d 3823             cmp     [ebx],ah
20cc5d6f 7408             jz      20cc5d79
20cc5d71 0823             or      [ebx],ah
20cc5d73 0cfc             or      al,0xfc
20cc5d75 d2c0             rol     al,cl
20cc5d77 2003             and     [ebx],al
20cc5d79 648b0dd00e0000   mov     ecx,fs:[00000ed0]
20cc5d80 eb0f             jmp     20cc5d91
20cc5d82 bb4941af73       mov     ebx,0x73af4149
20cc5d87 b8915dcc20       mov     eax,0x20cc5d91
20cc5d8c e981e0c8ff       jmp     20953e12
20cc5d91 648b1dc40e0000   mov     ebx,fs:[00000ec4]
20cc5d98 8819             mov     [ecx],bl

0:000> U 73af4146
drmemorylib!replace_memcpy+0x56 [d:\derek\drmemory\git\src\drmemory\replace.c @ 219]:
73af4146 8a1c0a           mov     bl,[edx+ecx]
73af4149 8819             mov     [ecx],bl
73af414b 41               inc     ecx
73af414c 4e               dec     esi

0:000> dds esp
0037f25c  00000000
0037f260  0001dea2
0037f264  00000000
0037f268  0037f370
0037f26c  7660099b ADVAPI32!PerfGetNames+0x5a7

0:000> r
eax=00000303 ebx=2219f0a1 ecx=00000000 edx=ff135598 esi=00000002 edi=00000000
eip=20cc5d73 esp=0037f25c ebp=0037f268 iopl=0         nv up ei pl nz na po nc
cs=0023  ss=002b  ds=002b  es=002b  fs=0053  gs=002b             efl=00000206
0:000> dd fs:ec4
0053:00000ec4  00000000 019d86f0 019d83f0 019e49c4
0053:00000ed4  00000000 03000000 00000000 00000000
0:000> ? edx + poi(fs:ed0)
Evaluate expression: 11640668 = 00b19f5c

so memcpy from 00b19f5c to 019e49c4
00b\* is on the heap:
  large malloc add 0x00b0dc88-0x00b1af10

&#37; grep 'set range' `ls -1td logs/D*|head -1`/g\* | perl -n -e 'if(/set range 0x(\w+)-0x(\w+)/){$s=hex($1);$e=hex($2);if(hex("b19f5c")>=$s && hex("b19f5c")<$e){print "$_";}}'
set range 0x00b173f0-0x00b1d4e0 => 0x1
set range 0x00b160e8-0x00b20318 => 0x1
set range 0x00b19ef8-0x00b1af10 => 0x3

replace_RtlReAllocateHeap heap=0x00720000 (=> 0x009f0000) flags=0x8 ptr=0x00c166b8 size=0xd288
  replace_realloc_common: 0x00c166b8 53896 bytes arena=0x009f0000
        replace_realloc_common: malloc-and-free realloc from 49776 to 53896 bytes
        allocating from larger bucket size to reduce delayed frees
        using free list size=121104 for request=53896 align=53896 from bucket 17
        replace_alloc_common arena=0x009f0000 flags=0x804 request=53896, alloc=53896 => 0x00b0dc88
large malloc add 0x00b0dc88-0x00b1af10
large malloc remove 0x00c166b8
        replace_free_common 0x00c166b8 == request=49776, alloc=49776, arena=0x009f0000
copy range 0x00c166b8-0x00c22928 to 0x00b0dc88-0x00b19ef8
set range 0x00b19ef8-0x00b1af10 => 0x3
set range 0x00c166b8-0x00c22928 => 0x1

The bug is that a growth in a malloc chunk by RtlReAllocateHeap with
HEAP_ZERO_MEMORY should mark the extra room as defined!

_Original issue: http://code.google.com/p/drmemory/issues/detail?id=1301_
