### ISSUE TITLE
malloc test failing on win8

### ISSUE THREAD

**Issue by derekbruening** [DynamoRIO/drmemory#1572]
_From [bruen...@google.com](https://code.google.com/u/109494838902877177630/) on June 20, 2014 12:22:52_

http://build.chromium.org/p/client.drmemory/builders/win-8_x64-drm/builds/1009/steps/Dr.&#37;20Memory&#37;20ctest/logs/stdio 3: CMake Error at runtest.cmake:449 (message):
3:   stderr failed to match "HeapFree failed 87"

_Original issue: http://code.google.com/p/drmemory/issues/detail?id=1572_

**Comment by derekbruening** [comment]
This also fails on win10: xref #1669.

Natively it's there.  Under DrMem ok is true for:
                ok = HeapFree(newheap, 0, (void*)0x300);

```
in event_basic_block(tag=0x00da13f9)
set range 0x00cdf9f0-0x00cdf9f4 => 0x0
replace_RtlFreeHeap heap=0x023b0000 flags=0x0 ptr=0x00000300

Error #7: INVALID HEAP ARGUMENT to free 0x00000300
# 0 replace_RtlFreeHeap [d:\drmemory_package\common\alloc_replace.c:3528] (0x739ad820 <drmemorylib.dll+0x1ad820>) modid:3
# 1 main       [d:\derek\drmemory\git\src\tests\malloc.c:205] (0x00da140a <malloc.exe+0x140a>) modid:1
Note: @0:00:01.422 in thread 5956
        error end

set range 0x00cdf9f0-0x00cdf9f4 => 0x1
in event_basic_block(tag=0x00da140a)
in event_basic_block(tag=0x00da1429)
```

Run w/ DR logs, w/ ASLR bb post-call is 0x00da140a, at entry:
        xax = 0x7fe9ee00

0x7fe9f000 == app PEB
setting initial structures for thread w/ TEB 0x7fe9e000
so 0x7fe9ee00 is a TLS slot

Stepping through in debugger:

```
0:000> p
eax=7f3dfee0 ebx=7f3dc000 ecx=00000000 edx=0061fc7c esi=00000000 edi=00da21b2
eip=739adb53 esp=0061fafc ebp=0061fc78 iopl=0         nv up ei pl nz na pe nc
cs=001b  ss=0023  ds=0023  es=0023  fs=003b  gs=0000             efl=00000206
drmemorylib!replace_RtlFreeHeap+0x333:
739adb53 8a45ff          mov     al,byte ptr [ebp-1]        ss:0023:0061fc77=00
0:000> p
eax=7f3dfe00 ebx=7f3dc000 ecx=00000000 edx=0061fc7c esi=00000000 edi=00da21b2
eip=739adb56 esp=0061fafc ebp=0061fc78 iopl=0         nv up ei pl nz na pe nc
cs=001b  ss=0023  ds=0023  es=0023  fs=003b  gs=0000             efl=00000206
drmemorylib!replace_RtlFreeHeap+0x336:
739adb56 8be5            mov     esp,ebp
``

It's b/c it's declared as returning BOOLEAN, yet HeapFree is a BOOL:

We made the Rtl*Heap routines return BOOLEAN for #1554.

It looks like the return type of these Rtl*Heap routines is now BOOL
instead of BOOLEAN on win10, and in fact on win8+:

```
  KERNEL32!HeapFreeStub:
  76bda320 8bff            mov     edi,edi
  76bda322 55              push    ebp
  76bda323 8bec            mov     ebp,esp
  76bda325 5d              pop     ebp
  76bda326 ff254045c476    jmp     dword ptr [KERNEL32!_imp__HeapFree (76c44540)]
  0:000> U poi(76c44540)
  ntdll!RtlFreeHeap:

  ntdll!RtlFreeHeap+0x3d:
  77a00a9d b801000000      mov     eax,1
  77a00aa2 8be5            mov     esp,ebp
  77a00aa4 5d              pop     ebp
  77a00aa5 c20c00          ret     0Ch

  ntdll!RtlpFreeHeapInternal+0x279:
  77a65d87 e824baf9ff      call    ntdll!RtlpFreeHeap (77a017b0)
  77a65d8c 0fb6d8          movzx   ebx,al
  77a65d8f 5f              pop     edi
  77a65d90 5e              pop     esi
  77a65d91 8bc3            mov     eax,ebx
  77a65d93 5b              pop     ebx
  77a65d94 8be5            mov     esp,ebp
  77a65d96 5d              pop     ebp
  77a65d97 c20400          ret     4

win8.1:
  KERNEL32!HeapFreeStub:
  76763e00 8bff            mov     edi,edi
  76763e02 55              push    ebp
  76763e03 8bec            mov     ebp,esp
  76763e05 5d              pop     ebp
  76763e06 ff2520298476    jmp     dword ptr [KERNEL32!_imp__HeapFree (76842920)]

  ntdll!RtlFreeHeap+0x54c:
  76f8d4ac b801000000      mov     eax,1
  76f8d4b1 5f              pop     edi
  76f8d4b2 5e              pop     esi
  76f8d4b3 5b              pop     ebx
  76f8d4b4 8be5            mov     esp,ebp
  76f8d4b6 5d              pop     ebp
  76f8d4b7 c20c00          ret     0Ch

  ntdll!RtlFreeHeap+0x71c:
  76f8d67c b801000000      mov     eax,1
  76f8d681 5b              pop     ebx
  76f8d682 8be5            mov     esp,ebp
  76f8d684 5d              pop     ebp
  76f8d685 c20c00          ret     0Ch

win8:
  kernel32!HeapFreeStub:
  68901491 8bff            mov     edi,edi
  68901493 55              push    ebp
  68901494 8bec            mov     ebp,esp
  68901496 5d              pop     ebp
  68901497 ff2504d99d68    jmp     dword ptr [kernel32!_imp__HeapFree (689dd904)]

  ntdll!RtlFreeHeap+0x1f2:
  6a203992 33c0            xor     eax,eax
  6a203994 40              inc     eax
  6a203995 5f              pop     edi
  6a203996 5e              pop     esi
  6a203997 5b              pop     ebx
  6a203998 c9              leave
  6a203999 c20c00          ret     0Ch
```

win7 matches #1554:

```
  kernel32!HeapFree+0xe:
  770314b7 ff1500060377    call    dword ptr [kernel32!_imp__RtlFreeHeap (77030600)]
  770314bd 0fb6c0          movzx   eax,al
  770314c0 5d              pop     ebp
  770314c1 c20c00          ret     0Ch

  ntdll!RtlFreeHeap+0x12d:
  7755e078 b001            mov     al,1
  7755e07a 5e              pop     esi
  7755e07b 5f              pop     edi
  7755e07c 5b              pop     ebx
  7755e07d c9              leave
  7755e07e c20c00          ret     0Ch
```

How to impl dynamic OS version specific type changes?
Seems safest to just use BOOL.  Absolutely no downside, right?  Top bits
are junk anyway?
