### ISSUE TITLE
false positives and app failure in x64 Chromium test from heap header abstraction violations

### ISSUE THREAD

**Issue by derekbruening** [DynamoRIO/drmemory#1822]
```
bin64/drmemory -dr_debug -batch -dr_ops "-checklevel 1" -light -dr d:/derek/dr/git/exports -- z:/derek/chromium/src/out/Release_x64/base_unittests.exe --single-process-tests --gtest_filter=ProcessUtilTest.GetAppOutput

[ RUN      ] ProcessUtilTest.GetAppOutput
<Starting application C:\Windows\system32\cmd.exe (5508)>
~~Dr.M~~ <CURIOSITY : size >= 0 && size < sizeof(logbuf) in file D:\derek\dr\git\src\core\utils.c line 1706

~~Dr.M~~ Error #1: INVALID HEAP ARGUMENT to free 0x00000000002c3e30
~~Dr.M~~ # 0 replace_RtlFreeHeap                            [d:\derek\drmemory\git\src\common\alloc_replace.c:3753]
~~Dr.M~~ # 1 ntdll.dll!LdrpMergeLangFallbackLists
~~Dr.M~~ # 2 ntdll.dll!RtlGetThreadPreferredUILanguages
~~Dr.M~~ # 3 KERNEL32.dll!SetThreadUILanguage
~~Dr.M~~ # 4 cmd.exe!?                                     +0x0      (0x000000004a281298 <cmd.exe+0x1298>)
~~Dr.M~~ # 5 cmd.exe!?                                     +0x0      (0x000000004a2884dd <cmd.exe+0x84dd>)
~~Dr.M~~ # 6 cmd.exe!?                                     +0x0      (0x000000004a289962 <cmd.exe+0x9962>)
~~Dr.M~~ # 7 KERNEL32.dll!BaseThreadInitThunk
~~Dr.M~~ Note: @0:00:00.484 in thread 3312
~~Dr.M~~ 
~~Dr.M~~ Error #2: INVALID HEAP ARGUMENT to free 0x00000000002c3d50
~~Dr.M~~ # 0 replace_RtlFreeHeap                            [d:\derek\drmemory\git\src\common\alloc_replace.c:3753]
~~Dr.M~~ # 1 ntdll.dll!RtlpMuiRegFreeLanguageList
~~Dr.M~~ # 2 ntdll.dll!RtlGetThreadPreferredUILanguages
~~Dr.M~~ # 3 KERNEL32.dll!SetThreadUILanguage
~~Dr.M~~ # 4 cmd.exe!?                                     +0x0      (0x000000004a281298 <cmd.exe+0x1298>)
~~Dr.M~~ # 5 cmd.exe!?                                     +0x0      (0x000000004a2884dd <cmd.exe+0x84dd>)
~~Dr.M~~ # 6 cmd.exe!?                                     +0x0      (0x000000004a289962 <cmd.exe+0x9962>)
~~Dr.M~~ # 7 KERNEL32.dll!BaseThreadInitThunk
~~Dr.M~~ Note: @0:00:00.484 in thread 3312
~~Dr.M~~ 
~~Dr.M~~ Error #3: UNADDRESSABLE ACCESS beyond heap bounds: reading 0x0000000002b10938-0x0000000002b10940 8 byte(s)
~~Dr.M~~ # 0 ntdll.dll!RtlGetThreadPreferredUILanguages
~~Dr.M~~ # 1 KERNELBASE.dll!GetThreadUILanguage            +0x57     (0x000007fefcf3a2c8 <KERNELBASE.dll+0xa2c8>)
~~Dr.M~~ # 2 KERNEL32.dll!SetThreadUILanguage
~~Dr.M~~ # 3 cmd.exe!?                                     +0x0      (0x000000004a281298 <cmd.exe+0x1298>)
~~Dr.M~~ # 4 cmd.exe!?                                     +0x0      (0x000000004a2884dd <cmd.exe+0x84dd>)
~~Dr.M~~ # 5 cmd.exe!?                                     +0x0      (0x000000004a289962 <cmd.exe+0x9962>)
~~Dr.M~~ # 6 KERNEL32.dll!BaseThreadInitThunk
~~Dr.M~~ Note: @0:00:00.499 in thread 3312
~~Dr.M~~ Note: next higher malloc: 0x0000000002b10940-0x0000000002b10940
~~Dr.M~~ Note: instruction: mov    0x08(%r10) -> %rax
~~Dr.M~~ 
~~Dr.M~~ Error #4: UNADDRESSABLE ACCESS: reading 0x000001e9cb41ddd8-0x000001e9cb41dde0 8 byte(s)
~~Dr.M~~ # 0 ntdll.dll!RtlGetThreadPreferredUILanguages
~~Dr.M~~ # 1 KERNELBASE.dll!GetThreadUILanguage            +0x57     (0x000007fefcf3a2c8 <KERNELBASE.dll+0xa2c8>)
~~Dr.M~~ # 2 KERNEL32.dll!SetThreadUILanguage
~~Dr.M~~ # 3 cmd.exe!?                                     +0x0      (0x000000004a281298 <cmd.exe+0x1298>)
~~Dr.M~~ # 4 cmd.exe!?                                     +0x0      (0x000000004a2884dd <cmd.exe+0x84dd>)
~~Dr.M~~ # 5 cmd.exe!?                                     +0x0      (0x000000004a289962 <cmd.exe+0x9962>)
~~Dr.M~~ # 6 KERNEL32.dll!BaseThreadInitThunk
~~Dr.M~~ Note: @0:00:00.515 in thread 3312
~~Dr.M~~ Note: instruction: mov    0x08(%rbx) -> %rdi
<Stopping application C:\Windows\system32\cmd.exe (5268)>
~~Dr.M~~ 
~~Dr.M~~ ERRORS FOUND:
~~Dr.M~~       2 unique,     2 total unaddressable access(es)
~~Dr.M~~       2 unique,     2 total invalid heap argument(s)
~~Dr.M~~       0 unique,     0 total GDI usage error(s)
~~Dr.M~~       0 unique,     0 total warning(s)
~~Dr.M~~ ERRORS IGNORED:
~~Dr.M~~ Details: D:\derek\drmemory\git\build_x64_dbg\logs\DrMemory-cmd.exe.5268.000\results.txt
z:\derek\chromium\src\base\process\process_util_unittest.cc(395): error: Value of: base::GetAppOutput(cmd_line, &output)
  Actual: false
Expected: true
[  FAILED  ] ProcessUtilTest.GetAppOutput (1388 ms)
```

Xref #1720, #1565 for the invalid heap args + unaddr.
Suppression doesn't match b/c we have no kernel32 frame here.

**** DONE eliminate invalid heap args
     CLOSED: [2015-11-20 Fri 00:16]
     - State "DONE"       from "TODO"       [2015-11-20 Fri 00:16]

For the invalid heap args, seems like we can just remember the native
results and in RtlFreeHeap replacement also go native.

**** TODO eliminate unaddr
***** DONE what nosy code did we miss? => RtlSetThreadPreferredUILanguages
      CLOSED: [2015-11-20 Fri 16:36]
      - State "DONE"       from "TODO"       [2015-11-20 Fri 16:36]
The unaddr indicates some "nosy heap code" whose alloc we failed to make
native and hopefully is the source of the failure.
Details:

```
replace_RtlAllocateHeap heap=0x0000000000350000 (=> 0x0000000002b90000) flags=0x8 size=0x4c
        carving out new chunk @0x0000000002b90930 => head=0x0000000002b90910, res=0x0000000002b90940
# 0 ntdll.dll!RtlpMuiRegCreateLanguageList+0x4b (0x0000000076e9b90c <ntdll.dll+0x3b90c>) modid:0
# 1 ntdll.dll!RtlpMuiRegDupLanguageList+0x46 (0x0000000076ea7be7 <ntdll.dll+0x47be7>) modid:0
# 2 ntdll.dll!RtlSetThreadPreferredUILanguages+0x10fe4 (0x0000000076ea7b85 <ntdll.dll+0x47b85>) modid:0
# 3 KERNEL32.dll!SetThreadUILanguage+0x107 (0x0000000076d562e8 <KERNEL32.dll+0x162e8>) modid:0
Error #3: UNADDRESSABLE ACCESS beyond heap bounds: reading 0x0000000002b90938-0x0000000002b90940 8 byte(s)
# 0 ntdll.dll!RtlGetThreadPreferredUILanguages (0x0000000076ebd3d5 <ntdll.dll+0x5d3d5>) modid:6
# 1 KERNELBASE.dll!GetThreadUILanguage (0x000007fefcf3a2c8 <KERNELBASE.dll+0xa2c8>) modid:8
# 2 KERNEL32.dll!SetThreadUILanguage (0x0000000076d5631d <KERNEL32.dll+0x1631d>) modid:5
# 3 cmd.exe!?       (0x000000004ab31298 <cmd.exe+0x1298>) modid:2
# 4 cmd.exe!?       (0x000000004ab384dd <cmd.exe+0x84dd>) modid:2
# 5 cmd.exe!?       (0x000000004ab39962 <cmd.exe+0x9962>) modid:2
# 6 KERNEL32.dll!BaseThreadInitThunk (0x0000000076d559cd <KERNEL32.dll+0x159cd>) modid:5
Note: @0:00:00.765 in thread 6244
Note: next higher malloc: 0x0000000002b90940-0x0000000002b90940
Note: instruction: mov    0x08(%r10) -> %rax
```

The unaddr is in the same code as i#1565 though here labeled w/ different symbol:

```
ntdll!RtlGetThreadPreferredUILanguages+0x65b:
00000000`76ebd3d5 498b4208        mov     rax,qword ptr [r10+8]
00000000`76ebd3d9 498bda          mov     rbx,r10
00000000`76ebd3dc 48b9ffffffffff000000 mov rcx,0FFFFFFFFFFh
00000000`76ebd3e6 4933dd          xor     rbx,r13
00000000`76ebd3e9 4823c1          and     rax,rcx
00000000`76ebd3ec 48c1eb04        shr     rbx,4
00000000`76ebd3f0 4833d8          xor     rbx,rax
00000000`76ebd3f3 48331dce0f0d00  xor     rbx,qword ptr [ntdll!RtlpLFHKey (00000000`76f8e3c8)]
00000000`76ebd3fa 48c1e304        shl     rbx,4
00000000`76ebd3fe 0f0d0b          prefetchw [rbx]
00000000`76ebd401 488b7b08        mov     rdi,qword ptr [rbx+8]
```

Looks like the problem is that it's RtlSetThreadPreferredUILanguages
instead of RtlGetThreadPreferredUILanguages.

=> when I treat Set like Get, I get a DrMem crash on walking a free list on
a later alloc!

```
<Application C:\Windows\system32\cmd.exe (6164).  Dr. Memory internal crash at PC 0x0000000002179656.  Please report this at http://drmemory.org/issues.  Program aborted.
0xc0000005 0x00000000 0x0000000002179656 0x0000000002179656 0x0000000000000000 0xffffffffffffffff
```

Not sure what's going on.  There are 20 native allocs, vs just 2 for only
Get.  >20 queries I guess, b/c it's #21 that causes the crash.

Hmm -- some of these new ones are really Get, not Set.  Looking back at
just Get, it diverges and has few allocs, period.

Diverges here, which looks like the #1565 header check:
```
TAG  0x0000000076e96df6
 +0    L3                      f6 43 0f 80          test   0x0f(%rbx)[1byte] $0x80
 +4    L3                      74 18                jz     $0x0000000076e96e14
END 0x0000000076e96df6
new basic block @0x0000000076e96df6 == ntdll.dll!RtlGetThreadPreferredUILanguages+0x5cf6
```

So it sounds like just Get is bailing to an app error path early, and Set
is going further?  Indeed, just Get hits the app exception of i#1565.

***** TODO DrM free list messed up by handling RtlSetThreadPreferredUILanguages

crash:

```
0:000> .cxr @@(cxt)
rax=00003e45e2000eec rbx=000000000030f2a8 rcx=0000000000000130
rdx=0000000000000130 rsi=0000000000310000 rdi=000000001ed6e730
rip=00000000021d9656 rsp=000000001ed6e650 rbp=000000000030f288
 r8=0000000000000010  r9=000000000030f288 r10=0000000000000000
r11=0000000000000246 r12=0000000000000001 r13=0000000000000004
r14=000000004a27bec0 r15=000000000030f5d0
iopl=0         nv up ei pl nz na pe nc
cs=0033  ss=002b  ds=002b  es=002b  fs=0053  gs=002b             efl=00010202
drmemorylib!search_free_list_bucket+0x4d6:
00000000`021d9656 394808          cmp     dword ptr [rax+8],ecx ds:00003e45`e2000ef4=????????
0:000> kn
  *** Stack trace for last set context - .thread/.cxr resets it
 # Child-SP          RetAddr           Call Site
00 00000000`1ed6e650 00000000`021d77df drmemorylib!search_free_list_bucket+0x4d6 [d:\derek\drmemory\git\src\common\alloc_replace.c @ 1474]
01 00000000`1ed6e740 00000000`021cd847 drmemorylib!find_free_list_entry+0x2ef [d:\derek\drmemory\git\src\common\alloc_replace.c @ 1570]
02 00000000`1ed6ea20 00000000`710b61b8 drmemorylib!replace_alloc_common+0x17f7 [d:\derek\drmemory\git\src\common\alloc_replace.c @ 1731]
03 00000000`1ed6efc0 00000000`00021000 dynamorio!dr_call_on_clean_stack+0x8a [D:\derek\dr\git\build_x64_rel\core\CMakeFiles\dynamorio.dir\arch\x86\x86.asm.obj.s @ 1624]
04 00000000`1ed6efc8 00000000`00000130 0x21000
05 00000000`1ed6efd0 00000000`00000010 0x130
```

**Comment by derekbruening** [comment]
That last crash turns out to be unrelated to the nosy heap stuff: filed separately as #1823
