### ISSUE TITLE
true uninitialized read in GdiAddFontResourceW called from AddFontResourceExW

### ISSUE THREAD

**Issue by mistmist** [DynamoRIO/drmemory#1825]
DrMemory 1.9.0-4 reports a UNINITIALIZED READ on this call, despite the 3 in-parameters being constants:

https://msdn.microsoft.com/en-us/library/windows/desktop/dd183327%28v=vs.120%29.aspx

    cl.exe -Zi foo3.cc gdi32.lib

    #include <windows.h>
    
    int main()
    {
        // note: the parameter must be an existing font file to get the warning
        int ret = AddFontResourceExW(L"C:\\Windows\\Fonts\\arial.ttf", FR_PRIVATE, NULL);
        return ret;
    }

Running it with "drmemory.exe foo3.exe" on Windows 7:

    Dr. Memory version 1.9.0 build 4 built on Oct  2 2015 13:13:36
    Dr. Memory results for pid 2324: "foo3.exe"
    Application cmdline: "foo3.exe"
    Recorded 116 suppression(s) from default C:\Users\ms\DrMemory-Windows-1.9.0-4\bin\suppress-default.txt
    
    Error #1: UNINITIALIZED READ: reading 0x001afee8-0x001afeec 4 byte(s) within 0x001afee8-0x001afeec
    # 0 system call NtGdiAddFontResourceW parameter value #4
    # 1 GDI32.dll!GdiAddFontResourceW                                     +0x90     (0x7611d168 <GDI32.dll+0x3d168>)
    # 2 GDI32.dll!AddFontResourceExW                                      +0x25     (0x7611d4aa <GDI32.dll+0x3d4aa>)
    # 3 main                                                               [c:\cygwin\tmp\foo3.cc:9]
    Note: @0:00:04.477 in thread 2140
    

Running it with "-light" reports no error.
"-debug -dr_debug -pause_at_assert" does not print anything interesting.

**Comment by derekbruening** [comment]
My analysis shows that this is in fact an uninitialized value.  It's not the user's program's fault: it's gdi32.dll's fault.  This is on win7.

My repro reports it as:

```
Error #1: UNINITIALIZED READ: reading 0x002ff880-0x002ff884 4 byte(s) within 0x002ff880-0x002ff884
# 0 system call NtGdiAddFontResourceW parameter value #4
# 1 GDI32.dll!GdiAddFontResourceW (0x75edd168 <GDI32.dll+0x3d168>) modid:19
# 2 GDI32.dll!AddFontResourceExW (0x75edd4aa <GDI32.dll+0x3d4aa>) modid:19
# 3 NtGdiTests_FontResource_Test::TestBody [d:\derek\drmemory\git\src\tests\app_suite\ntgdi_tests_win.cpp:104] (0x010a0f57 <app_suite_tests.exe+0x40f57>) modid:1
```

The first layer is not involved:

```
GDI32!AddFontResourceExW:
75edd484 8bff             mov     edi,edi
75edd486 55               push    ebp
75edd487 8bec             mov     ebp,esp
75edd489 f7450ccfffffff   test    dword ptr [ebp+0xc],0xffffffcf
75edd490 740b             jz      GDI32!AddFontResourceExW+0x19 (75edd49d)
GDI32!AddFontResourceExW+0xe:
75edd492 6a57             push    0x57
75edd494 e8c90ffeff       call    GDI32!GdiSetLastError (75ebe462)
75edd499 33c0             xor     eax,eax
75edd49b eb0d             jmp     GDI32!AddFontResourceExW+0x26 (75edd4aa)
GDI32!AddFontResourceExW+0x19:
75edd49d 6a00             push    0x0
75edd49f ff750c           push    dword ptr [ebp+0xc]
75edd4a2 ff7508           push    dword ptr [ebp+0x8]
75edd4a5 e82dfcffff       call    GDI32!GdiAddFontResourceW (75edd0d7)
GDI32!AddFontResourceExW+0x26:
75edd4aa 5d               pop     ebp
75edd4ab c20c00           ret     0xc
```

GdiAddFontResourceW takes just 3 params and they're what's passed to
AddFontResourceExW (though w/ 3rd, the reserved, hardcoded to 0).

The next layer:

```
GDI32!GdiAddFontResourceW+0x7c:
75edd153 ff7510           push    dword ptr [ebp+0x10]
75edd156 ff75f8           push    dword ptr [ebp-0x8]  <-- param #4
75edd159 ff750c           push    dword ptr [ebp+0xc]
75edd15c ff75f4           push    dword ptr [ebp-0xc]
75edd15f ff75f0           push    dword ptr [ebp-0x10]
75edd162 56               push    esi
75edd163 e81d8e0100       call    GDI32!NtGdiAddFontResourceW (75ef5f85)
```

Could it be set here?

```
GDI32!GdiAddFontResourceW+0x5c:
75edd133 8d45f8           lea     eax,[ebp-0x8]
75edd136 50               push    eax
75edd137 6a01             push    0x1
75edd139 8d45f4           lea     eax,[ebp-0xc]
75edd13c 50               push    eax
75edd13d 8d450c           lea     eax,[ebp+0xc]
75edd140 50               push    eax
75edd141 8d4df0           lea     ecx,[ebp-0x10]
75edd144 e860fcffff       call    GDI32!cGetTTFFromFOT+0x258 (75edcda9)
```

There are a number of system calls and a bunch of code run inside that call.

However, a watchpoint, plus clobbering the value to ensure the kernel isn't writing to it (won't show up in a user-mode watchpoint), makes it clear nobody wrote it after the stack frame was set up (and it happened to be 0 -- but uninitialized since a fresh stack frame):

```
(1894.1a00): Break instruction exception - code 80000003 (first chance)
eax=00000000 ebx=00000000 ecx=94920000 edx=0012e348 esi=fffffffe edi=00000000
eip=778f12fb esp=0040f828 ebp=0040f854 iopl=0         nv up ei pl zr na po nc
cs=0023  ss=002b  ds=002b  es=002b  fs=0053  gs=002b             efl=00000246
ntdll!LdrpDoDebuggerBreak+0x2c:
778f12fb cc               int     3
0:000> bp GDI32!GdiAddFontResourceW
0:000> g
ModLoad: 75f70000 75fd0000   C:\Windows\SysWOW64\IMM32.DLL
ModLoad: 77030000 770fc000   C:\Windows\syswow64\MSCTF.dll
Breakpoint 0 hit
eax=0040fa30 ebx=7efde000 ecx=00958a48 edx=00e41087 esi=00000000 edi=00000000
eip=75edd0d7 esp=0040f9d8 ebp=0040f9e8 iopl=0         nv up ei pl zr na po nc
cs=0023  ss=002b  ds=002b  es=002b  fs=0053  gs=002b             efl=00000246
GDI32!GdiAddFontResourceW:
75edd0d7 8bff             mov     edi,edi
0:000> p
eax=0040fa30 ebx=7efde000 ecx=00958a48 edx=00e41087 esi=00000000 edi=00000000
eip=75edd0d9 esp=0040f9d8 ebp=0040f9e8 iopl=0         nv up ei pl zr na po nc
cs=0023  ss=002b  ds=002b  es=002b  fs=0053  gs=002b             efl=00000246
GDI32!GdiAddFontResourceW+0x2:
75edd0d9 55               push    ebp
0:000> p
eax=0040fa30 ebx=7efde000 ecx=00958a48 edx=00e41087 esi=00000000 edi=00000000
eip=75edd0da esp=0040f9d4 ebp=0040f9e8 iopl=0         nv up ei pl zr na po nc
cs=0023  ss=002b  ds=002b  es=002b  fs=0053  gs=002b             efl=00000246
GDI32!GdiAddFontResourceW+0x3:
75edd0da 8bec             mov     ebp,esp
0:000> p
eax=0040fa30 ebx=7efde000 ecx=00958a48 edx=00e41087 esi=00000000 edi=00000000
eip=75edd0dc esp=0040f9d4 ebp=0040f9d4 iopl=0         nv up ei pl zr na po nc
cs=0023  ss=002b  ds=002b  es=002b  fs=0053  gs=002b             efl=00000246
GDI32!GdiAddFontResourceW+0x5:
75edd0dc 83ec18           sub     esp,0x18
0:000> p
eax=0040fa30 ebx=7efde000 ecx=00958a48 edx=00e41087 esi=00000000 edi=00000000
eip=75edd0df esp=0040f9bc ebp=0040f9d4 iopl=0         nv up ei pl nz ac pe nc
cs=0023  ss=002b  ds=002b  es=002b  fs=0053  gs=002b             efl=00000212
GDI32!GdiAddFontResourceW+0x8:
75edd0df 56               push    esi
0:000> p
eax=0040fa30 ebx=7efde000 ecx=00958a48 edx=00e41087 esi=00000000 edi=00000000
eip=75edd0e0 esp=0040f9b8 ebp=0040f9d4 iopl=0         nv up ei pl nz ac pe nc
cs=0023  ss=002b  ds=002b  es=002b  fs=0053  gs=002b             efl=00000212
GDI32!GdiAddFontResourceW+0x9:
75edd0e0 57               push    edi
0:000> p
eax=0040fa30 ebx=7efde000 ecx=00958a48 edx=00e41087 esi=00000000 edi=00000000
eip=75edd0e1 esp=0040f9b4 ebp=0040f9d4 iopl=0         nv up ei pl nz ac pe nc
cs=0023  ss=002b  ds=002b  es=002b  fs=0053  gs=002b             efl=00000212
GDI32!GdiAddFontResourceW+0xa:
75edd0e1 33ff             xor     edi,edi
0:000> p
eax=0040fa30 ebx=7efde000 ecx=00958a48 edx=00e41087 esi=00000000 edi=00000000
eip=75edd0e3 esp=0040f9b4 ebp=0040f9d4 iopl=0         nv up ei pl zr na po nc
cs=0023  ss=002b  ds=002b  es=002b  fs=0053  gs=002b             efl=00000246
GDI32!GdiAddFontResourceW+0xc:
75edd0e3 be03000080       mov     esi,0x80000003
0:000> p
eax=0040fa30 ebx=7efde000 ecx=00958a48 edx=00e41087 esi=80000003 edi=00000000
eip=75edd0e8 esp=0040f9b4 ebp=0040f9d4 iopl=0         nv up ei pl zr na po nc
cs=0023  ss=002b  ds=002b  es=002b  fs=0053  gs=002b             efl=00000246
GDI32!GdiAddFontResourceW+0x11:
75edd0e8 897dfc           mov     [ebp-0x4],edi     ss:002b:0040f9d0=0040f9f0
0:000> p
eax=0040fa30 ebx=7efde000 ecx=00958a48 edx=00e41087 esi=80000003 edi=00000000
eip=75edd0eb esp=0040f9b4 ebp=0040f9d4 iopl=0         nv up ei pl zr na po nc
cs=0023  ss=002b  ds=002b  es=002b  fs=0053  gs=002b             efl=00000246
GDI32!GdiAddFontResourceW+0x14:
75edd0eb 57               push    edi
0:000> p
eax=0040fa30 ebx=7efde000 ecx=00958a48 edx=00e41087 esi=80000003 edi=00000000
eip=75edd0ec esp=0040f9b0 ebp=0040f9d4 iopl=0         nv up ei pl zr na po nc
cs=0023  ss=002b  ds=002b  es=002b  fs=0053  gs=002b             efl=00000246
GDI32!GdiAddFontResourceW+0x15:
75edd0ec 39750c           cmp     [ebp+0xc],esi     ss:002b:0040f9e0=00000010
0:000> p
eax=0040fa30 ebx=7efde000 ecx=00958a48 edx=00e41087 esi=80000003 edi=00000000
eip=75edd0ef esp=0040f9b0 ebp=0040f9d4 iopl=0         ov up ei ng nz ac pe cy
cs=0023  ss=002b  ds=002b  es=002b  fs=0053  gs=002b             efl=00000a93
GDI32!GdiAddFontResourceW+0x18:
75edd0ef 753f            jnz GDI32!GdiAddFontResourceW+0x59 (75edd130) [br=1]
0:000> p
eax=0040fa30 ebx=7efde000 ecx=00958a48 edx=00e41087 esi=80000003 edi=00000000
eip=75edd130 esp=0040f9b0 ebp=0040f9d4 iopl=0         ov up ei ng nz ac pe cy
cs=0023  ss=002b  ds=002b  es=002b  fs=0053  gs=002b             efl=00000a93
GDI32!GdiAddFontResourceW+0x59:
75edd130 8b5508           mov     edx,[ebp+0x8]     ss:002b:0040f9dc=00f52324
0:000> p
eax=0040fa30 ebx=7efde000 ecx=00958a48 edx=00f52324 esi=80000003 edi=00000000
eip=75edd133 esp=0040f9b0 ebp=0040f9d4 iopl=0         ov up ei ng nz ac pe cy
cs=0023  ss=002b  ds=002b  es=002b  fs=0053  gs=002b             efl=00000a93
GDI32!GdiAddFontResourceW+0x5c:
75edd133 8d45f8           lea     eax,[ebp-0x8]     ss:002b:0040f9cc=00000000
0:000> p
eax=0040f9cc ebx=7efde000 ecx=00958a48 edx=00f52324 esi=80000003 edi=00000000
eip=75edd136 esp=0040f9b0 ebp=0040f9d4 iopl=0         ov up ei ng nz ac pe cy
cs=0023  ss=002b  ds=002b  es=002b  fs=0053  gs=002b             efl=00000a93
GDI32!GdiAddFontResourceW+0x5f:
75edd136 50               push    eax
0:000> dd 0040f9cc L4
0040f9cc  00000000 00000000 0040f9e8 75edd4aa
0:000> ed 0040f9cc deadbeef
0:000> dd 0040f9cc L4
0040f9cc  deadbeef 00000000 0040f9e8 75edd4aa
0:000> ba r4 0040f9cc 
0:000> g
Breakpoint 1 hit
eax=004a0530 ebx=7efde000 ecx=9e3e5bc2 edx=004a07b0 esi=004a0530 edi=00000000
eip=75edd159 esp=0040f9ac ebp=0040f9d4 iopl=0         nv up ei pl nz na po nc
cs=0023  ss=002b  ds=002b  es=002b  fs=0053  gs=002b             efl=00000206
GDI32!GdiAddFontResourceW+0x82:
75edd159 ff750c           push  dword ptr [ebp+0xc] ss:002b:0040f9e0=00000011
0:000> dd 0040f9cc L4
0040f9cc  deadbeef 00000000 0040f9e8 75edd4aa
```
