### ISSUE TITLE
[x64] CRASH due to bogus callstack frames messing up nosy heap handling

### ISSUE THREAD

**Issue by derekbruening** [DynamoRIO/drmemory#1833]
There's another crash in the same run after fixing #1832.  I only see it using a buildbot-built "nightly" build and using default options (i.e., leak checking enabled) and release DR:

```
# bin64/drmemory -- ../../../out/Release_x64/url_unittests.exe
~~Dr.M~~ Dr. Memory version 1.9.16776
~~Dr.M~~ (64-bit uninitialized read checking is not yet supported)
~~Dr.M~~ Running "../../../out/Release_x64/url_unittests.exe"
IMPORTANT DEBUGGING NOTE: batches of tests are run inside their
own process. For debugging a test inside a debugger, use the
--gtest_filter=<your_test_name> flag along with
--single-process-tests.
Using sharding settings from environment. This is shard 0/1
Using 32 parallel jobs.
~~6624~~ 
~~6624~~ Error #1: LEAK 136 direct bytes 0x00000000026b08a0-0x00000000026b0928 + 3224 indirect bytes
~~6624~~ # 0 replace_operator_new                                                  [e:\b\build\slave\win-builder\drmemory\common\alloc_replace.c:2889]
<...>
~~Dr.M~~ WARNING: application exited with abnormal code 0xc0000005
Segmentation fault
```

At "url_unittests.exe has stopped working" popup we can see it's related to
the nosy heap routines:

```
   0  Id: c10.18a0 Suspend: 1 Teb: 000007ff`fffdd000 Unfrozen
 # Child-SP          RetAddr           Call Site
00 00000000`0014af18 000007fe`fcef1430 0xc0972dc2
01 00000000`0014af20 00000000`76d71733 KERNELBASE!WaitForMultipleObjectsEx+0xe8
02 00000000`0014b020 00000000`76deb655 kernel32!WaitForMultipleObjectsExImplementation+0xb3
03 00000000`0014b0b0 00000000`76deb7d7 kernel32!WerpReportFaultInternal+0x215
04 00000000`0014b150 00000000`76deb82f kernel32!WerpReportFault+0x77
05 00000000`0014b180 00000000`76deba4c kernel32!BasepReportFault+0x1f
06 00000000`0014b1b0 00000000`76ff99c8 kernel32!UnhandledExceptionFilter+0x1fc
07 00000000`0014b290 00000000`76f87fa8 ntdll! ?? ::FNODOBFM::`string'+0x2335
08 00000000`0014b2c0 00000000`76f991ad ntdll!_C_specific_handler+0x8c
09 00000000`0014b330 00000000`76f88baf ntdll!RtlpExecuteHandlerForException+0xd
0a 00000000`0014b360 00000000`76fbdb38 ntdll!RtlDispatchException+0x45a
0b 00000000`0014ba40 00000000`76fccce8 ntdll!KiUserExceptionDispatcher+0x2e
0c 00000000`0014c170 00000000`76fa187c ntdll!RtlpMuiRegGetInstalledLanguageIndexByLangId+0x322
0d 00000000`0014c200 00000000`76fa1d05 ntdll!RtlLCIDToCultureName+0x4c
0e 00000000`0014c230 00000000`76fa1b73 ntdll!RtlpMuiRegTryToAppendLanguageName+0x185
0f 00000000`0014c290 00000000`76fa135d ntdll!LdrpConvertLangFallbackListToMultiSz+0x243
10 00000000`0014c380 00000000`76d69762 ntdll!RtlGetThreadPreferredUILanguages+0xcea
11 00000000`0014c4b0 00000000`76d6a662 kernel32!BasepCreateActCtx+0x312
12 00000000`0014cc70 000007fe`f1a35490 kernel32!CreateActCtxW+0x4f2
13 00000000`0014d100 000007fe`f1a353c7 ntshrui!SHFusionInitializeFromModuleID+0xa3
14 00000000`0014d390 000007fe`f1a35549 ntshrui!SHActivateContext+0x3b
15 00000000`0014d3c0 000007fe`f1a3550c ntshrui!SHFusionLoadLibrary+0x19
16 00000000`0014d3f0 000007fe`f1a35370 ntshrui!DelayLoadCC+0x20
17 00000000`0014d420 000007fe`f1a35326 ntshrui!GetProcFromComCtl32+0x21
18 00000000`0014d450 000007fe`f1a35b18 ntshrui!DPA_Create+0x26
19 00000000`0014d480 000007fe`f1a36228 ntshrui!CEnumShareInfo::_CreateDPA+0x18
1a 00000000`0014d4b0 000007fe`f1a35d47 ntshrui!CShareManager::EnumShares+0x7a
1b 00000000`0014d4e0 000007fe`f1a35fa7 ntshrui!CShareCopyHook::_VerifyIfChildFoldersShared+0x57
1c 00000000`0014d780 000007fe`fe3b9ce0 ntshrui!CShareCopyHook::CopyCallback+0x1e9
1d 00000000`0014d830 000007fe`fe3b9bc4 SHELL32!CallCopyHooks+0x13f
1e 00000000`0014daf0 000007fe`fe3b9ab5 SHELL32!CFileOperation::CopyHooks+0x1a6
1f 00000000`0014ddb0 000007fe`fe40e773 SHELL32!CCopyWorkItem::_UpFrontConfirmations+0x190
20 00000000`0014e270 000007fe`fe40e593 SHELL32!CCopyWorkItem::ProcessWorkItem+0x1f8
21 00000000`0014e5a0 000007fe`fe40d7d6 SHELL32!CRecursiveFolderOperation::Do+0x30c
22 00000000`0014e640 000007fe`fe40ef07 SHELL32!CFileOperation::_EnumRootDo+0x24d
23 00000000`0014e700 000007fe`fe40eb6f SHELL32!CFileOperation::PrepareAndDoOperations+0x320
24 00000000`0014e7f0 000007fe`ecf5a3d2 SHELL32!SHFileOperationWithAdditionalFlags+0x1a1
25 00000000`0014e860 00000001`3ff9abb1 base!base::DeleteFileW+0x182 [z:\derek\chromium\src\base\files\file_util_win.cc @ 93]
26 00000000`0014eb10 00000001`3ff9b70d url_unittests!base::`anonymous namespace'::GTestCallback+0xa1 [z:\derek\chromium\src\base\test\launcher\unit_test_launcher.cc @ 388]
27 (Inline Function) --------`-------- url_unittests!base::internal::RunnableAdapter<void (__cdecl*)(base::`anonymous namespace'::GTestCallbackState const &,int,base::TimeDelta const &,bool,std::basic_string<char,std::char_traits<char>,std::allocator<char> > const &)>::Run+0x66 [z:\derek\chromium\src\base\bind_internal.h @ 157]

0:013> .cxr 0014ba40  
rax=000000fdf1fdf100 rbx=000008ee98617150 rcx=000000ffffffffff
rdx=000007fffffdf000 rsi=0000000000296540 rdi=0000000000000000
rip=0000000076fccce8 rsp=000000000014c170 rbp=0000000000290000
 r8=00000000c04b3311  r9=00000000025d69f0 r10=0000000000150000
r11=0000000000000002 r12=00000000025d6a00 r13=00000000025e9d00
r14=00000000c0000034 r15=00000000000000aa
iopl=0         nv up ei pl nz na po nc
cs=0033  ss=002b  ds=002b  es=002b  fs=0053  gs=002b             efl=00010206
ntdll!RtlpMuiRegGetInstalledLanguageIndexByLangId+0x322:
00000000`76fccce8 488b7b08        mov     rdi,qword ptr [rbx+8] ds:000008ee`98617158=????????????????
0:013> kn
  *** Stack trace for last set context - .thread/.cxr resets it
 # Child-SP          RetAddr           Call Site
00 00000000`0014c170 00000000`76fa187c ntdll!RtlpMuiRegGetInstalledLanguageIndexByLangId+0x322
01 00000000`0014c200 00000000`76fa1d05 ntdll!RtlLCIDToCultureName+0x4c
02 00000000`0014c230 00000000`76fa1b73 ntdll!RtlpMuiRegTryToAppendLanguageName+0x185
03 00000000`0014c290 00000000`76fa135d ntdll!LdrpConvertLangFallbackListToMultiSz+0x243
04 00000000`0014c380 00000000`76d69762 ntdll!RtlGetThreadPreferredUILanguages+0xcea
05 00000000`0014c4b0 00000000`76d6a662 kernel32!BasepCreateActCtx+0x312
06 00000000`0014cc70 000007fe`f1a35490 kernel32!CreateActCtxW+0x4f2
07 00000000`0014d100 000007fe`f1a353c7 ntshrui!SHFusionInitializeFromModuleID+0xa3
```

This is the nosy heap code that crashes when it's not given a native alloc:

```
00000000`76fcccb0 410fb6410e      movzx   eax,byte ptr [r9+0Eh]
00000000`76fcccb5 48c1e004        shl     rax,4
00000000`76fcccb9 4c2bc8          sub     r9,rax
00000000`76fcccbc 498b4108        mov     rax,qword ptr [r9+8]
00000000`76fcccc0 498bd9          mov     rbx,r9
00000000`76fcccc3 48b9ffffffffff000000 mov rcx,0FFFFFFFFFFh
00000000`76fccccd 4833dd          xor     rbx,rbp
00000000`76fcccd0 4823c1          and     rax,rcx
00000000`76fcccd3 48c1eb04        shr     rbx,4
00000000`76fcccd7 4833d8          xor     rbx,rax
00000000`76fcccda 48331de7160d00  xor     rbx,qword ptr [ntdll!RtlpLFHKey (00000000`7709e3c8)]
00000000`76fccce1 48c1e304        shl     rbx,4
00000000`76fccce5 0f0d0b          prefetchw [rbx]
00000000`76fccce8 488b7b08        mov     rdi,qword ptr [rbx+8]
```

So we missed yet another alloc?  Xref #1565.
The alloc at the crash point seems to be in r9 == 00000000025d69f0.
Here's the alloc, with r9 being the header:

```
replace_RtlAllocateHeap heap=0x0000000000290000 (=> 0x00000000024c0000) flags=0x8 size=0xaa
        replace_alloc_common arena=0x00000000024c0000 flags=0x804 request=170, align=16 alloc=176 => 0x00000000025d6a00
set pattern value at 0x00000000025d69f0-0x00000000025d6a00 in malloc pre-redzone

malloc 0x00000000025d6a00-0x00000000025d6aaa
# 0 ole32.dll!CoCreateInstance+0x1122 (0x000007fefd6185c3 <ole32.dll+0x285c3>) modid:0
# 1 KERNEL32.dll!RegKrnGetClassesEnumTableAddressInternal+0x1d (0x0000000076d68b0e <KERNEL32.dll+0x18b0e>) modid:0
# 2 KERNEL32.dll!InitOnceExecuteOnce+0x9 (0x0000000076d55d6a <KERNEL32.dll+0x5d6a>) modid:0
# 3 KERNEL32.dll!BasepCreateActCtx+0x311 (0x0000000076d69762 <KERNEL32.dll+0x19762>) modid:0
# 4 ole32.dll!IsEqualGUID+0x2616 (0x000007fefd626e27 <ole32.dll+0x36e27>) modid:0
# 5 ole32.dll!CLSIDFromString+0x1026 (0x000007fefd6016a7 <ole32.dll+0x116a7>) modid:0
# 6 ole32.dll!CoCreateInstance+0x158e (0x000007fefd618a2f <ole32.dll+0x28a2f>) modid:0
# 7 KERNEL32.dll!BaseSetLastNTError+0x15 (0x0000000076d71a86 <KERNEL32.dll+0x21a86>) modid:0
# 8 KERNEL32.dll!FindActCtxSectionGuid+0xb6 (0x0000000076d64807 <KERNEL32.dll+0x14807>) modid:0
# 9 ole32.dll!CoCreateInstance+0xe54 (0x000007fefd6182f5 <ole32.dll+0x282f5>) modid:0
#10 KERNELBASE.dll!GetModuleFileNameW+0x11a (0x000007fefcef29cb <KERNELBASE.dll+0x29cb>) modid:0
#11 ntshrui.dll!DllGetClassObject+0x3db7 (0x000007fef1a35490 <ntshrui.dll+0x5490>) modid:0
#12 ntshrui.dll!DllGetClassObject+0x3cee (0x000007fef1a353c7 <ntshrui.dll+0x53c7>) modid:0
#13 ntshrui.dll!DllGetClassObject+0x3e70 (0x000007fef1a35549 <ntshrui.dll+0x5549>) modid:0
#14 ntshrui.dll!DllGetClassObject+0x3e33 (0x000007fef1a3550c <ntshrui.dll+0x550c>) modid:0
#15 ntshrui.dll!DllGetClassObject+0x3c97 (0x000007fef1a35370 <ntshrui.dll+0x5370>) modid:0
#16 ntshrui.dll!DllGetClassObject+0x3c4d (0x000007fef1a35326 <ntshrui.dll+0x5326>) modid:0
#17 ntshrui.dll!DllGetClassObject+0x443f (0x000007fef1a35b18 <ntshrui.dll+0x5b18>) modid:0
#18 ntshrui.dll!DllGetClassObject+0x4b12 (0x000007fef1a361eb <ntshrui.dll+0x61eb>) modid:0
#19 ntshrui.dll!DllGetClassObject+0x4b4f (0x000007fef1a36228 <ntshrui.dll+0x6228>) modid:0
```

Maybe frames 4-10 are bogus, b/c:

```
0:013> U 000007fe`f1a35490-6
ntshrui!SHFusionInitializeFromModuleID+0x9d:
000007fe`f1a3548a ff1528050300    call    qword ptr [ntshrui!_imp_CreateActCtxW (000007fe`f1a659b8)]
```

There is a prior alloc that's not native, and the one before that is
native.

My theory is that this line is making them non-native:

```
        if (app_caller < ntdll_base || app_caller > ntdll_end) /* sanity check */
            return false;
```

And the app_caller is incorrect.

I can't repro w/ local build but I did a -verbose 3 run and it and the
-verbose 3 log of the crash each have 174 size=0xaa instances.  The last
one (the last is the bad one) does not have the ole32 frame up top, explaining why it works:

```
replace_RtlAllocateHeap heap=0x00000000002c0000 (=> 0x00000000024d0000) flags=0x8 size=0xaa
replace_leave_native: inside RtlGetThreadPreferredUILanguages => native alloc
is_retaddr: can't read 0x000007fef1a30000
is_retaddr: can't read 0x000007fef1a30000
is_retaddr: can't read 0x000007fef1a30000
# 0 ntdll.dll!RtlAllocateHeap+0x0 (0x0000000076fbfac0 <ntdll.dll+0x4fac0>) modid:0
# 1 fp=0x000000000025c040 parent=0x000000000025c110 ntdll.dll!RtlpMuiRegGetInstalledLanguageIndexByLangId+0x4f (0x0000000076fa1a30 <ntdll.dll+0x31a30>) modid:0
# 2 fp=0x000000000025c0d0 parent=0x000000000025ca80 ntdll.dll!RtlLCIDToCultureName+0x4b (0x0000000076fa187c <ntdll.dll+0x3187c>) modid:0
# 3 fp=0x000000000025c100 parent=0x000000000025c1c0 ntdll.dll!RtlpMuiRegTryToAppendLanguageName+0x184 (0x0000000076fa1d05 <ntdll.dll+0x31d05>) modid:0
# 4 fp=0x000000000025c160 parent=0x00000000002c69a0 ntdll.dll!LdrpConvertLangFallbackListToMultiSz+0x802 (0x0000000076fa1b73 <ntdll.dll+0x31b73>) modid:0
# 5 fp=0x000000000025c250 parent=0x0000000000000001 ntdll.dll!RtlGetThreadPreferredUILanguages+0x25c (0x0000000076fa135d <ntdll.dll+0x3135d>) modid:0
# 6 fp=0x000000000025c380 parent=0x000000000025cbb0 KERNEL32.dll!BasepCreateActCtx+0x311 (0x0000000076d69762 <KERNEL32.dll+0x19762>) modid:0
# 7 fp=0x000000000025c5b0 parent=0x000007fefd7ca1e0 ole32.dll!CProcessActivator::ActivateByContext+0x7e [d:\w7rtm\com\ole32\com\objact\actvator.cxx:1487+0x20] (0x000007fefd626e27 <ole32.dll+0x36e27>) modid:0
# 8 fp=0x000000000025c680 parent=0x0000000000000000 ole32.dll!ActivationPropertiesIn::DelegateCreateInstance+0x6a [d:\w7rtm\com\ole32\actprops\actprops.cxx:1917+0xc] (0x000007fefd6016a7 <ole32.dll+0x116a7>) modid:0
# 9 fp=0x000000000025ce40 parent=0x0000000000000000 KERNEL32.dll!BaseSetLastNTError+0x15 (0x0000000076d71a86 <KERNEL32.dll+0x21a86>) modid:0
#10 fp=0x000000000025ce70 parent=0x0000000000000001 KERNEL32.dll!FindActCtxSectionGuid+0xb6 (0x0000000076d64807 <KERNEL32.dll+0x14807>) modid:0
#11 fp=0x000000000025cf70 parent=0x000000000000001f KERNELBASE.dll!GetModuleFileNameW+0x11a (0x000007fefcef29cb <KERNELBASE.dll+0x29cb>) modid:0
#12 fp=0x000000000025cfd0 parent=0x0000000000000001 ntshrui.dll!SHFusionInitializeFromModuleID+0x9b (0x000007fef1a35490 <ntshrui.dll+0x5490>) modid:0
#13 fp=0x000000000025d260 parent=0x0000000000000148 ntshrui.dll!SHActivateContext+0x3e (0x000007fef1a353c7 <ntshrui.dll+0x53c7>) modid:0
```

I think this is all due to problems finding callstack frames: false
positives for is_retaddr.

-no_callstack_use_fp => still crashes, but in the callstack above note how
the ole32 parent-fp chain does not match anyway.

I guess ole32 is manipulating addresses in a way that leaves retaddrs on the stack?

Maybe we should impl #1222: "on win64, use SEH unwind tables to walk callstack", as bad callstacks is a bigger problem than just dealing with nosy routines.
